{
  "RSpec": {
    "coverage": {
      "/Users/Kayla/Documents/cardboard/app/models/user.rb": [
        1,
        1,
        1,
        1,
        1,
        null,
        1,
        null,
        1,
        null,
        null,
        1,
        29,
        null,
        null
      ],
      "/Users/Kayla/Documents/cardboard/app/uploaders/profile_photo_uploader.rb": [
        1,
        1,
        0,
        null,
        1,
        null,
        null,
        1,
        0,
        null,
        null
      ],
      "/Users/Kayla/Documents/cardboard/app/controllers/application_controller.rb": [
        1,
        1,
        null,
        1,
        null,
        1,
        67,
        5,
        null,
        null,
        null,
        null,
        67,
        1,
        null,
        null,
        null,
        null,
        null,
        null,
        1,
        null
      ],
      "/Users/Kayla/Documents/cardboard/app/controllers/games_controller.rb": [
        1,
        1,
        null,
        1,
        40,
        2,
        2,
        2,
        1,
        null,
        null,
        38,
        null,
        null,
        null,
        1,
        65,
        65,
        null,
        null,
        1,
        3,
        null,
        null,
        1,
        3,
        3,
        3,
        2,
        2,
        null,
        1,
        null,
        null,
        null,
        1,
        4,
        null,
        null,
        1,
        1,
        1,
        1,
        1,
        null,
        0,
        0,
        null,
        null,
        null,
        1,
        3,
        1,
        null,
        2,
        null,
        3,
        3,
        3,
        null,
        null,
        1,
        null,
        1,
        4,
        null,
        null,
        null,
        null,
        null
      ],
      "/Users/Kayla/Documents/cardboard/app/models/game.rb": [
        1,
        1,
        null,
        null,
        1,
        1,
        null,
        1,
        null,
        1,
        null,
        1,
        0,
        0,
        null,
        0,
        null,
        null,
        null,
        1,
        null,
        1,
        null,
        null,
        null,
        null,
        null,
        null,
        1,
        1,
        1,
        1,
        null,
        null,
        null,
        null,
        null,
        1,
        null,
        null,
        1,
        1,
        null,
        1,
        65,
        null,
        null,
        1,
        20,
        20,
        20,
        null,
        null
      ],
      "/Users/Kayla/Documents/cardboard/app/uploaders/game_photo_uploader.rb": [
        1,
        1,
        0,
        null,
        1,
        null,
        null,
        1,
        0,
        null,
        null
      ],
      "/Users/Kayla/Documents/cardboard/app/models/review.rb": [
        1,
        1,
        1,
        1,
        1,
        1,
        null,
        1,
        1,
        1,
        null,
        null,
        null,
        null,
        1,
        null
      ],
      "/Users/Kayla/Documents/cardboard/app/models/comment.rb": [
        1,
        1,
        1,
        null,
        1,
        1,
        1,
        null
      ],
      "/Users/Kayla/Documents/cardboard/app/controllers/reviews_controller.rb": [
        1,
        1,
        null,
        1,
        16,
        16,
        null,
        null,
        1,
        16,
        16,
        16,
        16,
        null,
        16,
        16,
        16,
        16,
        null,
        0,
        0,
        null,
        null,
        null,
        1,
        4,
        null,
        null,
        1,
        2,
        2,
        2,
        2,
        2,
        2,
        null,
        0,
        0,
        null,
        null,
        null,
        1,
        2,
        2,
        2,
        2,
        2,
        null,
        null,
        1,
        null,
        1,
        18,
        null,
        null,
        1,
        8,
        4,
        null,
        4,
        null,
        null,
        null
      ],
      "/Users/Kayla/Documents/cardboard/app/models/downvote.rb": [
        1,
        1,
        1,
        null,
        1,
        1,
        null,
        1,
        0,
        null,
        null,
        0,
        null,
        null,
        0,
        0,
        0,
        null,
        0,
        0,
        null,
        null,
        0,
        0,
        0,
        null,
        0,
        0,
        0,
        null,
        0,
        0,
        null,
        null,
        0,
        0,
        null,
        0,
        null,
        null,
        0,
        0,
        0,
        null,
        null
      ],
      "/Users/Kayla/Documents/cardboard/app/models/upvote.rb": [
        1,
        1,
        1,
        null,
        1,
        1,
        null,
        1,
        0,
        null,
        null,
        0,
        null,
        null,
        0,
        0,
        0,
        null,
        0,
        0,
        null,
        0,
        0,
        0,
        null,
        0,
        0,
        0,
        null,
        0,
        0,
        null,
        0,
        0,
        null,
        0,
        null,
        0,
        0,
        0,
        null,
        null
      ],
      "/Users/Kayla/Documents/cardboard/app/controllers/comments_controller.rb": [
        1,
        1,
        null,
        1,
        4,
        4,
        4,
        null,
        null,
        1,
        3,
        3,
        3,
        3,
        3,
        3,
        3,
        null,
        0,
        0,
        null,
        null,
        null,
        1,
        2,
        2,
        2,
        null,
        null,
        1,
        2,
        2,
        2,
        2,
        2,
        2,
        null,
        0,
        0,
        null,
        null,
        null,
        1,
        2,
        2,
        2,
        2,
        2,
        null,
        null,
        1,
        null,
        1,
        5,
        null,
        null,
        1,
        2,
        1,
        null,
        1,
        null,
        null,
        null,
        1,
        7,
        null,
        null
      ]
    },
    "timestamp": 1428350351
  }
}
