{
  "RSpec": {
    "coverage": {
      "/Users/matthewriggott/challenges/cardboard/app/models/user.rb": [
        1,
        1,
        1,
        1,
        1,
        null,
        1,
        null,
        1,
        null,
        null
      ],
      "/Users/matthewriggott/challenges/cardboard/app/uploaders/profile_photo_uploader.rb": [
        null,
        null,
        1,
        1,
        null,
        1,
        0,
        null,
        null
      ],
      "/Users/matthewriggott/challenges/cardboard/app/controllers/application_controller.rb": [
        1,
        1,
        null,
        1,
        null,
        1,
        2,
        0,
        null,
        null,
        null,
        null,
        2,
        0,
        null,
        null,
        null,
        null,
        null,
        null,
        1,
        null
      ],
      "/Users/matthewriggott/challenges/cardboard/app/controllers/games_controller.rb": [
        1,
        1,
        null,
        1,
        1,
        null,
        null,
        1,
        1,
        null,
        null,
        null,
        1,
        0,
        null,
        null,
        1,
        0,
        0,
        0,
        0,
        0,
        null,
        0,
        null,
        null,
        null,
        1,
        0,
        null,
        null,
        1,
        0,
        0,
        0,
        0,
        null,
        0,
        0,
        null,
        null,
        null,
        1,
        0,
        0,
        0,
        0,
        null,
        null,
        1,
        null,
        1,
        0,
        null,
        null,
        null,
        null,
        null
      ],
      "/Users/matthewriggott/challenges/cardboard/app/models/game.rb": [
        1,
        1,
        1,
        1,
        null,
        1,
        null,
        1,
        null,
        null,
        null,
        null,
        null,
        null,
        1,
        1,
        1,
        1,
        1,
        null,
        null,
        null,
        1,
        1,
        1,
        null,
        1,
        1,
        null,
        null
      ],
      "/Users/matthewriggott/challenges/cardboard/app/uploaders/game_photo_uploader.rb": [
        1,
        1,
        null,
        1,
        0,
        null,
        null
      ],
      "/Users/matthewriggott/challenges/cardboard/app/models/review.rb": [
        1,
        1,
        1,
        1,
        1,
        1,
        null,
        null,
        1,
        1,
        1,
        null,
        null,
        null,
        null,
        1,
        null,
        null
      ],
      "/Users/matthewriggott/challenges/cardboard/app/models/comment.rb": [
        1,
        1,
        1,
        null,
        1,
        1,
        1,
        null
      ]
    },
    "timestamp": 1428092111
  }
}
